This file contains any messages produced by compilers while
running configure, to aid debugging if configure makes a mistake.

It was created by configure, which was
generated by GNU Autoconf 2.63.  Invocation command line was

  $ ./configure 

## --------- ##
## Platform. ##
## --------- ##

hostname = localhost.localdomain
uname -m = x86_64
uname -r = 2.6.32-358.el6.x86_64
uname -s = Linux
uname -v = #1 SMP Fri Feb 22 00:31:26 UTC 2013

/usr/bin/uname -p = unknown
/bin/uname -X     = unknown

/bin/arch              = x86_64
/usr/bin/arch -k       = unknown
/usr/convex/getsysinfo = unknown
/usr/bin/hostinfo      = unknown
/bin/machine           = unknown
/usr/bin/oslevel       = unknown
/bin/universe          = unknown

PATH: /usr/local/sbin
PATH: /usr/local/bin
PATH: /sbin
PATH: /bin
PATH: /usr/sbin
PATH: /usr/bin
PATH: /root/bin


## ----------- ##
## Core tests. ##
## ----------- ##

configure:1985: checking for grep that handles long lines and -e
configure:2045: result: /bin/grep
configure:2050: checking for egrep
configure:2114: result: /bin/grep -E
configure:2119: checking for a sed that does not truncate output
configure:2185: result: /bin/sed
configure:2319: checking for cc
configure:2335: found /usr/bin/cc
configure:2346: result: cc
configure:2380: checking for C compiler version
configure:2388: cc --version >&5
cc (GCC) 4.6.3 20120306 (Red Hat 4.6.3-2)
Copyright (C) 2011 Free Software Foundation, Inc.
This is free software; see the source for copying conditions.  There is NO
warranty; not even for MERCHANTABILITY or FITNESS FOR A PARTICULAR PURPOSE.

configure:2392: $? = 0
configure:2399: cc -v >&5
Using built-in specs.
COLLECT_GCC=cc
COLLECT_LTO_WRAPPER=/usr/libexec/gcc/x86_64-redhat-linux/4.6.3/lto-wrapper
Target: x86_64-redhat-linux
Configured with: ../configure --prefix=/usr --mandir=/usr/share/man --infodir=/usr/share/info --with-bugurl=http://bugzilla.redhat.com/bugzilla --enable-bootstrap --enable-shared --enable-threads=posix --enable-checking=release --with-system-zlib --enable-__cxa_atexit --disable-libunwind-exceptions --enable-gnu-unique-object --enable-linker-build-id --enable-languages=c,c++,objc,obj-c++,java,fortran,lto --enable-plugin --disable-libgcj --with-tune=generic --with-arch_32=i686 --build=x86_64-redhat-linux
Thread model: posix
gcc version 4.6.3 20120306 (Red Hat 4.6.3-2) (GCC) 
configure:2403: $? = 0
configure:2410: cc -V >&5
cc: error: unrecognized option '-V'
cc: fatal error: no input files
compilation terminated.
configure:2414: $? = 4
configure:2437: checking for C compiler default output file name
configure:2459: cc    conftest.c  >&5
configure:2463: $? = 0
configure:2501: result: a.out
configure:2520: checking whether the C compiler works
configure:2530: ./a.out
configure:2534: $? = 0
configure:2553: result: yes
configure:2560: checking whether we are cross compiling
configure:2562: result: no
configure:2565: checking for suffix of executables
configure:2572: cc -o conftest    conftest.c  >&5
configure:2576: $? = 0
configure:2602: result: 
configure:2608: checking for suffix of object files
configure:2634: cc -c   conftest.c >&5
configure:2638: $? = 0
configure:2663: result: o
configure:2667: checking whether we are using the GNU C compiler
configure:2696: cc -c   conftest.c >&5
configure:2703: $? = 0
configure:2720: result: yes
configure:2729: checking whether cc accepts -g
configure:2759: cc -c -g  conftest.c >&5
configure:2766: $? = 0
configure:2867: result: yes
configure:2884: checking for cc option to accept ISO C89
configure:2958: cc  -c -g -O2  conftest.c >&5
configure:2965: $? = 0
configure:2988: result: none needed
configure:3012: checking how to run the C preprocessor
configure:3052: cc -E  conftest.c
configure:3059: $? = 0
configure:3090: cc -E  conftest.c
conftest.c:8:28: fatal error: ac_nonexistent.h: No such file or directory
compilation terminated.
configure:3097: $? = 1
configure: failed program was:
| /* confdefs.h.  */
| #define PACKAGE_NAME ""
| #define PACKAGE_TARNAME ""
| #define PACKAGE_VERSION ""
| #define PACKAGE_STRING ""
| #define PACKAGE_BUGREPORT ""
| /* end confdefs.h.  */
| #include <ac_nonexistent.h>
configure:3130: result: cc -E
configure:3159: cc -E  conftest.c
configure:3166: $? = 0
configure:3197: cc -E  conftest.c
conftest.c:8:28: fatal error: ac_nonexistent.h: No such file or directory
compilation terminated.
configure:3204: $? = 1
configure: failed program was:
| /* confdefs.h.  */
| #define PACKAGE_NAME ""
| #define PACKAGE_TARNAME ""
| #define PACKAGE_VERSION ""
| #define PACKAGE_STRING ""
| #define PACKAGE_BUGREPORT ""
| /* end confdefs.h.  */
| #include <ac_nonexistent.h>
configure:3246: checking for icc
configure:3259: result: no
configure:3273: checking for suncc
configure:3286: result: no
configure:3304: checking whether cc understands -c and -o together
configure:3336: cc -c conftest.c -o conftest2.o >&5
configure:3340: $? = 0
configure:3346: cc -c conftest.c -o conftest2.o >&5
configure:3350: $? = 0
configure:3405: result: yes
configure:3421: checking for system library directory
configure:3436: result: lib
configure:3443: checking if compiler supports -R
configure:3472: cc -o conftest -g -O2   conftest.c -R /usr/lib  >&5
cc: error: unrecognized option '-R'
configure:3479: $? = 1
configure: failed program was:
| /* confdefs.h.  */
| #define PACKAGE_NAME ""
| #define PACKAGE_TARNAME ""
| #define PACKAGE_VERSION ""
| #define PACKAGE_STRING ""
| #define PACKAGE_BUGREPORT ""
| /* end confdefs.h.  */
| 
| int
| main ()
| {
| 
|   ;
|   return 0;
| }
configure:3501: result: no
configure:3506: checking if compiler supports -Wl,-rpath,
configure:3535: cc -o conftest -g -O2   conftest.c -Wl,-rpath,/usr/lib  >&5
configure:3542: $? = 0
configure:3564: result: yes
configure:3613: checking build system type
configure:3631: result: x86_64-unknown-linux-gnu
configure:3653: checking host system type
configure:3668: result: x86_64-unknown-linux-gnu
configure:3690: checking target system type
configure:3705: result: x86_64-unknown-linux-gnu
configure:3814: checking for PHP prefix
configure:3816: result: /usr
configure:3818: checking for PHP includes
configure:3820: result: -I/usr/include/php -I/usr/include/php/main -I/usr/include/php/TSRM -I/usr/include/php/Zend -I/usr/include/php/ext -I/usr/include/php/ext/date/lib
configure:3822: checking for PHP extension directory
configure:3824: result: /usr/lib64/php/modules
configure:3826: checking for PHP installed headers prefix
configure:3828: result: /usr/include/php
configure:3831: checking if debug is enabled
configure:3861: result: no
configure:3864: checking if zts is enabled
configure:3894: result: no
configure:3965: checking for re2c
configure:3995: result: no
configure:4020: WARNING: You will need re2c 0.13.4 or later if you want to regenerate PHP parsers.
configure:4034: checking for gawk
configure:4051: found /bin/gawk
configure:4062: result: gawk
configure:4114: checking whether to enable autoloader support
configure:4153: result: yes, shared
configure:4495: checking for a sed that does not truncate output
configure:4561: result: /bin/sed
configure:4579: checking for fgrep
configure:4643: result: /bin/grep -F
configure:4678: checking for ld used by cc
configure:4745: result: /usr/bin/ld
configure:4754: checking if the linker (/usr/bin/ld) is GNU ld
configure:4769: result: yes
configure:4781: checking for BSD- or MS-compatible name lister (nm)
configure:4830: result: /usr/bin/nm -B
configure:4948: checking the name lister (/usr/bin/nm -B) interface
configure:4955: cc -c -g -O2  conftest.c >&5
configure:4958: /usr/bin/nm -B "conftest.o"
configure:4961: output
0000000000000000 B some_variable
configure:4968: result: BSD nm
configure:4971: checking whether ln -s works
configure:4975: result: yes
configure:4983: checking the maximum length of command line arguments
configure:5103: result: 1966080
configure:5120: checking whether the shell understands some XSI constructs
configure:5130: result: yes
configure:5134: checking whether the shell understands "+="
configure:5140: result: yes
configure:5175: checking for /usr/bin/ld option to reload object files
configure:5182: result: -r
configure:5251: checking for objdump
configure:5267: found /usr/bin/objdump
configure:5278: result: objdump
configure:5310: checking how to recognize dependent libraries
configure:5506: result: pass_all
configure:5566: checking for ar
configure:5582: found /usr/bin/ar
configure:5593: result: ar
configure:5671: checking for strip
configure:5687: found /usr/bin/strip
configure:5698: result: strip
configure:5770: checking for ranlib
configure:5786: found /usr/bin/ranlib
configure:5797: result: ranlib
configure:5887: checking command to parse /usr/bin/nm -B output from cc object
configure:6005: cc -c -g -O2  conftest.c >&5
configure:6008: $? = 0
configure:6012: /usr/bin/nm -B conftest.o \| sed -n -e 's/^.*[	 ]\([ABCDGIRSTW][ABCDGIRSTW]*\)[	 ][	 ]*\([_A-Za-z][_A-Za-z0-9]*\)$/\1 \2 \2/p' \> conftest.nm
configure:6015: $? = 0
configure:6069: cc -o conftest -g -O2   conftest.c conftstm.o >&5
configure:6072: $? = 0
configure:6110: result: ok
configure:6205: cc -c -g -O2  conftest.c >&5
configure:6208: $? = 0
configure:6971: checking for ANSI C header files
configure:7001: cc -c -g -O2  conftest.c >&5
configure:7008: $? = 0
configure:7107: cc -o conftest -g -O2   conftest.c  >&5
configure:7111: $? = 0
configure:7117: ./conftest
configure:7121: $? = 0
configure:7139: result: yes
configure:7163: checking for sys/types.h
configure:7184: cc -c -g -O2  conftest.c >&5
configure:7191: $? = 0
configure:7208: result: yes
configure:7163: checking for sys/stat.h
configure:7184: cc -c -g -O2  conftest.c >&5
configure:7191: $? = 0
configure:7208: result: yes
configure:7163: checking for stdlib.h
configure:7184: cc -c -g -O2  conftest.c >&5
configure:7191: $? = 0
configure:7208: result: yes
configure:7163: checking for string.h
configure:7184: cc -c -g -O2  conftest.c >&5
configure:7191: $? = 0
configure:7208: result: yes
configure:7163: checking for memory.h
configure:7184: cc -c -g -O2  conftest.c >&5
configure:7191: $? = 0
configure:7208: result: yes
configure:7163: checking for strings.h
configure:7184: cc -c -g -O2  conftest.c >&5
configure:7191: $? = 0
configure:7208: result: yes
configure:7163: checking for inttypes.h
configure:7184: cc -c -g -O2  conftest.c >&5
configure:7191: $? = 0
configure:7208: result: yes
configure:7163: checking for stdint.h
configure:7184: cc -c -g -O2  conftest.c >&5
configure:7191: $? = 0
configure:7208: result: yes
configure:7163: checking for unistd.h
configure:7184: cc -c -g -O2  conftest.c >&5
configure:7191: $? = 0
configure:7208: result: yes
configure:7226: checking for dlfcn.h
configure:7247: cc -c -g -O2  conftest.c >&5
configure:7254: $? = 0
configure:7271: result: yes
configure:7457: checking for objdir
configure:7472: result: .libs
configure:7768: checking if cc supports -fno-rtti -fno-exceptions
configure:7786: cc -c -g -O2  -fno-rtti -fno-exceptions conftest.c >&5
cc1: warning: command line option '-fno-rtti' is valid for C++/ObjC++ but not for C [enabled by default]
configure:7790: $? = 0
configure:7803: result: no
configure:7823: checking for cc option to produce PIC
configure:8095: result: -fPIC -DPIC
configure:8107: checking if cc PIC flag -fPIC -DPIC works
configure:8125: cc -c -g -O2  -fPIC -DPIC -DPIC conftest.c >&5
configure:8129: $? = 0
configure:8142: result: yes
configure:8166: checking if cc static flag -static works
configure:8194: result: no
configure:8209: checking if cc supports -c -o file.o
configure:8230: cc -c -g -O2  -o out/conftest2.o conftest.c >&5
configure:8234: $? = 0
configure:8256: result: yes
configure:8264: checking if cc supports -c -o file.o
configure:8311: result: yes
configure:8344: checking whether the cc linker (/usr/bin/ld -m elf_x86_64) supports shared libraries
configure:9418: result: yes
configure:9455: checking whether -lc should be explicitly linked in
configure:9460: cc -c -g -O2  conftest.c >&5
configure:9463: $? = 0
configure:9478: cc -shared conftest.o  -v -Wl,-soname -Wl,conftest -o conftest 2\>\&1 \| /bin/grep  -lc  \>/dev/null 2\>\&1
configure:9481: $? = 0
configure:9493: result: no
configure:9657: checking dynamic linker characteristics
configure:10100: cc -o conftest -g -O2   -Wl,-rpath -Wl,/foo conftest.c  >&5
configure:10107: $? = 0
configure:10343: result: GNU/Linux ld.so
configure:10445: checking how to hardcode library paths into programs
configure:10470: result: immediate
configure:11303: checking whether stripping libraries is possible
configure:11308: result: yes
configure:11343: checking if libtool supports shared libraries
configure:11345: result: yes
configure:11348: checking whether to build shared libraries
configure:11369: result: yes
configure:11372: checking whether to build static libraries
configure:11376: result: no
configure:11638: creating ./config.status

## ---------------------- ##
## Running config.status. ##
## ---------------------- ##

This file was extended by config.status, which was
generated by GNU Autoconf 2.63.  Invocation command line was

  CONFIG_FILES    = 
  CONFIG_HEADERS  = 
  CONFIG_LINKS    = 
  CONFIG_COMMANDS = 
  $ ./config.status 

on localhost.localdomain

config.status:801: creating config.h
config.status:953: executing libtool commands

## ---------------- ##
## Cache variables. ##
## ---------------- ##

ac_cv_build=x86_64-unknown-linux-gnu
ac_cv_c_compiler_gnu=yes
ac_cv_env_CC_set=
ac_cv_env_CC_value=
ac_cv_env_CFLAGS_set=
ac_cv_env_CFLAGS_value=
ac_cv_env_CPPFLAGS_set=
ac_cv_env_CPPFLAGS_value=
ac_cv_env_CPP_set=
ac_cv_env_CPP_value=
ac_cv_env_LDFLAGS_set=
ac_cv_env_LDFLAGS_value=
ac_cv_env_LIBS_set=
ac_cv_env_LIBS_value=
ac_cv_env_build_alias_set=
ac_cv_env_build_alias_value=
ac_cv_env_host_alias_set=
ac_cv_env_host_alias_value=
ac_cv_env_target_alias_set=
ac_cv_env_target_alias_value=
ac_cv_header_dlfcn_h=yes
ac_cv_header_inttypes_h=yes
ac_cv_header_memory_h=yes
ac_cv_header_stdc=yes
ac_cv_header_stdint_h=yes
ac_cv_header_stdlib_h=yes
ac_cv_header_string_h=yes
ac_cv_header_strings_h=yes
ac_cv_header_sys_stat_h=yes
ac_cv_header_sys_types_h=yes
ac_cv_header_unistd_h=yes
ac_cv_host=x86_64-unknown-linux-gnu
ac_cv_objext=o
ac_cv_path_EGREP='/bin/grep -E'
ac_cv_path_FGREP='/bin/grep -F'
ac_cv_path_GREP=/bin/grep
ac_cv_path_SED=/bin/sed
ac_cv_prog_AWK=gawk
ac_cv_prog_CPP='cc -E'
ac_cv_prog_ac_ct_AR=ar
ac_cv_prog_ac_ct_CC=cc
ac_cv_prog_ac_ct_OBJDUMP=objdump
ac_cv_prog_ac_ct_RANLIB=ranlib
ac_cv_prog_ac_ct_STRIP=strip
ac_cv_prog_cc_c89=
ac_cv_prog_cc_cc_c_o=yes
ac_cv_prog_cc_g=yes
ac_cv_target=x86_64-unknown-linux-gnu
lt_cv_deplibs_check_method=pass_all
lt_cv_file_magic_cmd='$MAGIC_CMD'
lt_cv_file_magic_test_file=
lt_cv_ld_reload_flag=-r
lt_cv_nm_interface='BSD nm'
lt_cv_objdir=.libs
lt_cv_path_LD=/usr/bin/ld
lt_cv_path_NM='/usr/bin/nm -B'
lt_cv_prog_compiler_c_o=yes
lt_cv_prog_compiler_pic_works=yes
lt_cv_prog_compiler_rtti_exceptions=no
lt_cv_prog_compiler_static_works=no
lt_cv_prog_gnu_ld=yes
lt_cv_sys_global_symbol_pipe='sed -n -e '\''s/^.*[	 ]\([ABCDGIRSTW][ABCDGIRSTW]*\)[	 ][	 ]*\([_A-Za-z][_A-Za-z0-9]*\)$/\1 \2 \2/p'\'''
lt_cv_sys_global_symbol_to_c_name_address='sed -n -e '\''s/^: \([^ ]*\) $/  {\"\1\", (void *) 0},/p'\'' -e '\''s/^[ABCDGIRSTW]* \([^ ]*\) \([^ ]*\)$/  {"\2", (void *) \&\2},/p'\'''
lt_cv_sys_global_symbol_to_c_name_address_lib_prefix='sed -n -e '\''s/^: \([^ ]*\) $/  {\"\1\", (void *) 0},/p'\'' -e '\''s/^[ABCDGIRSTW]* \([^ ]*\) \(lib[^ ]*\)$/  {"\2", (void *) \&\2},/p'\'' -e '\''s/^[ABCDGIRSTW]* \([^ ]*\) \([^ ]*\)$/  {"lib\2", (void *) \&\2},/p'\'''
lt_cv_sys_global_symbol_to_cdecl='sed -n -e '\''s/^T .* \(.*\)$/extern int \1();/p'\'' -e '\''s/^[ABCDGIRSTW]* .* \(.*\)$/extern char \1;/p'\'''
lt_cv_sys_max_cmd_len=1966080
php_cv_cc_dashr=no
php_cv_cc_rpath=yes

## ----------------- ##
## Output variables. ##
## ----------------- ##

AR='ar'
AWK='gawk'
CC='cc'
CFLAGS='-g -O2'
CONFIGURE_COMMAND=' '\''./configure'\'' '
CONFIGURE_OPTIONS=''
CPP='cc -E'
CPPFLAGS=' -DHAVE_CONFIG_H'
DEFS='-DHAVE_CONFIG_H'
DSYMUTIL=''
DUMPBIN=''
ECHO_C=''
ECHO_N='-n'
ECHO_T=''
EGREP='/bin/grep -E'
EXEEXT=''
FGREP='/bin/grep -F'
GREP='/bin/grep'
LD='/usr/bin/ld -m elf_x86_64'
LDFLAGS=''
LIBOBJS=''
LIBS=''
LIBTOOL='$(SHELL) $(top_builddir)/libtool'
LIPO=''
LN_S='ln -s'
LTLIBOBJS=''
NM='/usr/bin/nm -B'
NMEDIT=''
OBJDUMP='objdump'
OBJEXT='o'
OTOOL64=''
OTOOL=''
PACKAGE_BUGREPORT=''
PACKAGE_NAME=''
PACKAGE_STRING=''
PACKAGE_TARNAME=''
PACKAGE_VERSION=''
PATH_SEPARATOR=':'
RANLIB='ranlib'
RE2C='exit 0;'
SED='/bin/sed'
SHELL='/bin/sh'
SHLIB_DL_SUFFIX_NAME='so'
SHLIB_SUFFIX_NAME='so'
STRIP='strip'
ac_ct_CC='cc'
ac_ct_DUMPBIN=''
bindir='${exec_prefix}/bin'
build='x86_64-unknown-linux-gnu'
build_alias=''
build_cpu='x86_64'
build_os='linux-gnu'
build_vendor='unknown'
datadir='${datarootdir}'
datarootdir='${prefix}/share'
docdir='${datarootdir}/doc/${PACKAGE}'
dvidir='${docdir}'
exec_prefix='$(prefix)'
host='x86_64-unknown-linux-gnu'
host_alias='x86_64-unknown-linux-gnu'
host_cpu='x86_64'
host_os='linux-gnu'
host_vendor='unknown'
htmldir='${docdir}'
includedir='${prefix}/include'
infodir='${datarootdir}/info'
libdir='${exec_prefix}/lib'
libexecdir='${exec_prefix}/libexec'
localedir='${datarootdir}/locale'
localstatedir='${prefix}/var'
lt_ECHO='echo'
mandir='${datarootdir}/man'
oldincludedir='/usr/include'
pdfdir='${docdir}'
prefix='/usr'
program_transform_name='s,x,x,'
psdir='${docdir}'
sbindir='${exec_prefix}/sbin'
sharedstatedir='${prefix}/com'
sysconfdir='${prefix}/etc'
target='x86_64-unknown-linux-gnu'
target_alias=''
target_cpu='x86_64'
target_os='linux-gnu'
target_vendor='unknown'

## ----------- ##
## confdefs.h. ##
## ----------- ##

#define PACKAGE_NAME ""
#define PACKAGE_TARNAME ""
#define PACKAGE_VERSION ""
#define PACKAGE_STRING ""
#define PACKAGE_BUGREPORT ""
#define COMPILE_DL_AUTOLOADER 1
#define STDC_HEADERS 1
#define HAVE_SYS_TYPES_H 1
#define HAVE_SYS_STAT_H 1
#define HAVE_STDLIB_H 1
#define HAVE_STRING_H 1
#define HAVE_MEMORY_H 1
#define HAVE_STRINGS_H 1
#define HAVE_INTTYPES_H 1
#define HAVE_STDINT_H 1
#define HAVE_UNISTD_H 1
#define HAVE_DLFCN_H 1
#define LT_OBJDIR ".libs/"

configure: exit 0
